c:\users\owner\desktop\c++\assignment2_datastructures\assignment2_datastructures\debug\source.obj
c:\users\owner\desktop\c++\assignment2_datastructures\assignment2_datastructures\debug\vc110.pdb
c:\users\owner\desktop\c++\assignment2_datastructures\assignment2_datastructures\debug\queue.obj
c:\users\owner\desktop\c++\assignment2_datastructures\assignment2_datastructures\debug\stack.obj
c:\users\owner\desktop\c++\assignment2_datastructures\assignment2_datastructures\debug\queuenode.obj
c:\users\owner\desktop\c++\assignment2_datastructures\debug\assignment2_datastructures.ilk
c:\users\owner\desktop\c++\assignment2_datastructures\debug\assignment2_datastructures.exe
c:\users\owner\desktop\c++\assignment2_datastructures\debug\assignment2_datastructures.pdb
c:\users\nsccstudent\desktop\assignment2_datastructures\assignment2_datastructures\debug\vc140.pdb
c:\users\nsccstudent\desktop\assignment2_datastructures\assignment2_datastructures\debug\vc140.idb
c:\users\nsccstudent\desktop\assignment2_datastructures\assignment2_datastructures\debug\queue.obj
c:\users\nsccstudent\desktop\assignment2_datastructures\assignment2_datastructures\debug\queuenode.obj
c:\users\nsccstudent\desktop\assignment2_datastructures\assignment2_datastructures\debug\source.obj
c:\users\nsccstudent\desktop\assignment2_datastructures\debug\assignment2_datastructures.ilk
c:\users\nsccstudent\desktop\assignment2_datastructures\debug\assignment2_datastructures.exe
c:\users\nsccstudent\desktop\assignment2_datastructures\debug\assignment2_datastructures.pdb
c:\users\nsccstudent\desktop\assignment2_datastructures\assignment2_datastructures\debug\stack.obj
c:\users\nsccstudent\desktop\assignment2_datastructures\assignment2_datastructures\debug\source.obj.enc
c:\users\nsccstudent\desktop\assignment2_datastructures\assignment2_datastructures\debug\cl.command.1.tlog
c:\users\nsccstudent\desktop\assignment2_datastructures\assignment2_datastructures\debug\cl.read.1.tlog
c:\users\nsccstudent\desktop\assignment2_datastructures\assignment2_datastructures\debug\cl.write.1.tlog
c:\users\nsccstudent\desktop\assignment2_datastructures\assignment2_datastructures\debug\link-cvtres.read.1.tlog
c:\users\nsccstudent\desktop\assignment2_datastructures\assignment2_datastructures\debug\link-cvtres.write.1.tlog
c:\users\nsccstudent\desktop\assignment2_datastructures\assignment2_datastructures\debug\link-rc.read.1.tlog
c:\users\nsccstudent\desktop\assignment2_datastructures\assignment2_datastructures\debug\link-rc.write.1.tlog
c:\users\nsccstudent\desktop\assignment2_datastructures\assignment2_datastructures\debug\link.11696-cvtres.read.1.tlog
c:\users\nsccstudent\desktop\assignment2_datastructures\assignment2_datastructures\debug\link.11696-cvtres.write.1.tlog
c:\users\nsccstudent\desktop\assignment2_datastructures\assignment2_datastructures\debug\link.11696-rc.read.1.tlog
c:\users\nsccstudent\desktop\assignment2_datastructures\assignment2_datastructures\debug\link.11696-rc.write.1.tlog
c:\users\nsccstudent\desktop\assignment2_datastructures\assignment2_datastructures\debug\link.11696.read.1.tlog
c:\users\nsccstudent\desktop\assignment2_datastructures\assignment2_datastructures\debug\link.11696.write.1.tlog
c:\users\nsccstudent\desktop\assignment2_datastructures\assignment2_datastructures\debug\link.14720-cvtres.read.1.tlog
c:\users\nsccstudent\desktop\assignment2_datastructures\assignment2_datastructures\debug\link.14720-cvtres.write.1.tlog
c:\users\nsccstudent\desktop\assignment2_datastructures\assignment2_datastructures\debug\link.14720-rc.read.1.tlog
c:\users\nsccstudent\desktop\assignment2_datastructures\assignment2_datastructures\debug\link.14720-rc.write.1.tlog
c:\users\nsccstudent\desktop\assignment2_datastructures\assignment2_datastructures\debug\link.14720.read.1.tlog
c:\users\nsccstudent\desktop\assignment2_datastructures\assignment2_datastructures\debug\link.14720.write.1.tlog
c:\users\nsccstudent\desktop\assignment2_datastructures\assignment2_datastructures\debug\link.15672-cvtres.read.1.tlog
c:\users\nsccstudent\desktop\assignment2_datastructures\assignment2_datastructures\debug\link.15672-cvtres.write.1.tlog
c:\users\nsccstudent\desktop\assignment2_datastructures\assignment2_datastructures\debug\link.15672-rc.read.1.tlog
c:\users\nsccstudent\desktop\assignment2_datastructures\assignment2_datastructures\debug\link.15672-rc.write.1.tlog
c:\users\nsccstudent\desktop\assignment2_datastructures\assignment2_datastructures\debug\link.15672.read.1.tlog
c:\users\nsccstudent\desktop\assignment2_datastructures\assignment2_datastructures\debug\link.15672.write.1.tlog
c:\users\nsccstudent\desktop\assignment2_datastructures\assignment2_datastructures\debug\link.16072-cvtres.read.1.tlog
c:\users\nsccstudent\desktop\assignment2_datastructures\assignment2_datastructures\debug\link.16072-cvtres.write.1.tlog
c:\users\nsccstudent\desktop\assignment2_datastructures\assignment2_datastructures\debug\link.16072-rc.read.1.tlog
c:\users\nsccstudent\desktop\assignment2_datastructures\assignment2_datastructures\debug\link.16072-rc.write.1.tlog
c:\users\nsccstudent\desktop\assignment2_datastructures\assignment2_datastructures\debug\link.16072.read.1.tlog
c:\users\nsccstudent\desktop\assignment2_datastructures\assignment2_datastructures\debug\link.16072.write.1.tlog
c:\users\nsccstudent\desktop\assignment2_datastructures\assignment2_datastructures\debug\link.17308-cvtres.read.1.tlog
c:\users\nsccstudent\desktop\assignment2_datastructures\assignment2_datastructures\debug\link.17308-cvtres.write.1.tlog
c:\users\nsccstudent\desktop\assignment2_datastructures\assignment2_datastructures\debug\link.17308-rc.read.1.tlog
c:\users\nsccstudent\desktop\assignment2_datastructures\assignment2_datastructures\debug\link.17308-rc.write.1.tlog
c:\users\nsccstudent\desktop\assignment2_datastructures\assignment2_datastructures\debug\link.17308.read.1.tlog
c:\users\nsccstudent\desktop\assignment2_datastructures\assignment2_datastructures\debug\link.17308.write.1.tlog
c:\users\nsccstudent\desktop\assignment2_datastructures\assignment2_datastructures\debug\link.18068-cvtres.read.1.tlog
c:\users\nsccstudent\desktop\assignment2_datastructures\assignment2_datastructures\debug\link.18068-cvtres.write.1.tlog
c:\users\nsccstudent\desktop\assignment2_datastructures\assignment2_datastructures\debug\link.18068-rc.read.1.tlog
c:\users\nsccstudent\desktop\assignment2_datastructures\assignment2_datastructures\debug\link.18068-rc.write.1.tlog
c:\users\nsccstudent\desktop\assignment2_datastructures\assignment2_datastructures\debug\link.18068.read.1.tlog
c:\users\nsccstudent\desktop\assignment2_datastructures\assignment2_datastructures\debug\link.18068.write.1.tlog
c:\users\nsccstudent\desktop\assignment2_datastructures\assignment2_datastructures\debug\link.19124-cvtres.read.1.tlog
c:\users\nsccstudent\desktop\assignment2_datastructures\assignment2_datastructures\debug\link.19124-cvtres.write.1.tlog
c:\users\nsccstudent\desktop\assignment2_datastructures\assignment2_datastructures\debug\link.19124-rc.read.1.tlog
c:\users\nsccstudent\desktop\assignment2_datastructures\assignment2_datastructures\debug\link.19124-rc.write.1.tlog
c:\users\nsccstudent\desktop\assignment2_datastructures\assignment2_datastructures\debug\link.19124.read.1.tlog
c:\users\nsccstudent\desktop\assignment2_datastructures\assignment2_datastructures\debug\link.19124.write.1.tlog
c:\users\nsccstudent\desktop\assignment2_datastructures\assignment2_datastructures\debug\link.command.1.tlog
c:\users\nsccstudent\desktop\assignment2_datastructures\assignment2_datastructures\debug\link.read.1.tlog
c:\users\nsccstudent\desktop\assignment2_datastructures\assignment2_datastructures\debug\link.write.1.tlog
c:\users\nsccstudent\desktop\assignment2_datastructures\assignment2_datastructures\debug\vc110.idb
c:\users\nsccstudent\desktop\assignment2_datastructures\assignment2_datastructures\debug\vc110.pdb
c:\users\nsccstudent\desktop\assignment2_datastructures\assignment2_datastructures\debug\assignme.beba8e90.tlog\cl.command.1.tlog
c:\users\nsccstudent\desktop\assignment2_datastructures\assignment2_datastructures\debug\assignme.beba8e90.tlog\cl.read.1.tlog
c:\users\nsccstudent\desktop\assignment2_datastructures\assignment2_datastructures\debug\assignme.beba8e90.tlog\cl.write.1.tlog
c:\users\nsccstudent\desktop\assignment2_datastructures\assignment2_datastructures\debug\assignme.beba8e90.tlog\link.command.1.tlog
c:\users\nsccstudent\desktop\assignment2_datastructures\assignment2_datastructures\debug\assignme.beba8e90.tlog\link.read.1.tlog
c:\users\nsccstudent\desktop\assignment2_datastructures\assignment2_datastructures\debug\assignme.beba8e90.tlog\link.write.1.tlog
